2026-01-31 12:15:01,489 - INFO - Starting Granola sync process
2026-01-31 12:15:01,489 - INFO - Output directory set to: /Users/cyou/Documents/granola-transcripts
2026-01-31 12:15:01,490 - INFO - Incremental sync - last sync was 2026-01-31T17:04:49.788535+00:00
2026-01-31 12:15:01,490 - INFO - Checking for config.json...
2026-01-31 12:15:01,490 - INFO - Initializing token manager...
2026-01-31 12:15:01,491 - DEBUG - Configuration loaded from config.json
2026-01-31 12:15:01,491 - INFO - Obtaining access token...
2026-01-31 12:15:01,491 - INFO - Fetching workspaces from Granola API...
2026-01-31 12:15:01,496 - DEBUG - Starting new HTTPS connection (1): api.granola.ai:443
2026-01-31 12:15:01,672 - DEBUG - https://api.granola.ai:443 "POST /v1/get-workspaces HTTP/1.1" 200 912
2026-01-31 12:15:01,674 - INFO - Successfully fetched workspaces
2026-01-31 12:15:01,675 - INFO - Workspaces data saved to /Users/cyou/Documents/granola-transcripts/workspaces.json
2026-01-31 12:15:01,675 - INFO - Fetching document lists (folders) from Granola API...
2026-01-31 12:15:01,675 - DEBUG - Trying endpoint: https://api.granola.ai/v2/get-document-lists
2026-01-31 12:15:01,677 - DEBUG - Starting new HTTPS connection (1): api.granola.ai:443
2026-01-31 12:15:04,299 - DEBUG - https://api.granola.ai:443 "POST /v2/get-document-lists HTTP/1.1" 200 12
2026-01-31 12:15:04,300 - INFO - Successfully fetched document lists from https://api.granola.ai/v2/get-document-lists
2026-01-31 12:15:04,302 - INFO - Successfully fetched document lists
2026-01-31 12:15:04,303 - INFO - Document lists data saved to /Users/cyou/Documents/granola-transcripts/document_lists.json
2026-01-31 12:15:04,303 - INFO - Found 0 document lists with 0 documents organized
2026-01-31 12:15:04,303 - INFO - Fetching documents from Granola API...
2026-01-31 12:15:04,303 - INFO - Fetching documents: offset=0, limit=100
2026-01-31 12:15:04,306 - DEBUG - Starting new HTTPS connection (1): api.granola.ai:443
2026-01-31 12:15:04,651 - DEBUG - https://api.granola.ai:443 "POST /v2/get-documents HTTP/1.1" 200 404527
2026-01-31 12:15:04,785 - INFO - Fetched 100 documents (total so far: 100)
2026-01-31 12:15:04,785 - INFO - Fetching documents: offset=100, limit=100
2026-01-31 12:15:04,786 - DEBUG - Starting new HTTPS connection (1): api.granola.ai:443
2026-01-31 12:15:05,157 - DEBUG - https://api.granola.ai:443 "POST /v2/get-documents HTTP/1.1" 200 426873
2026-01-31 12:15:05,652 - INFO - Fetched 100 documents (total so far: 200)
2026-01-31 12:15:05,652 - INFO - Fetching documents: offset=200, limit=100
2026-01-31 12:15:05,654 - DEBUG - Starting new HTTPS connection (1): api.granola.ai:443
2026-01-31 12:15:06,191 - DEBUG - https://api.granola.ai:443 "POST /v2/get-documents HTTP/1.1" 200 397272
2026-01-31 12:15:06,721 - INFO - Fetched 100 documents (total so far: 300)
2026-01-31 12:15:06,721 - INFO - Fetching documents: offset=300, limit=100
2026-01-31 12:15:06,722 - DEBUG - Starting new HTTPS connection (1): api.granola.ai:443
2026-01-31 12:15:07,065 - DEBUG - https://api.granola.ai:443 "POST /v2/get-documents HTTP/1.1" 200 373430
2026-01-31 12:15:07,536 - INFO - Fetched 100 documents (total so far: 400)
2026-01-31 12:15:07,536 - INFO - Fetching documents: offset=400, limit=100
2026-01-31 12:15:07,538 - DEBUG - Starting new HTTPS connection (1): api.granola.ai:443
2026-01-31 12:15:08,076 - DEBUG - https://api.granola.ai:443 "POST /v2/get-documents HTTP/1.1" 200 372582
2026-01-31 12:15:08,527 - INFO - Fetched 100 documents (total so far: 500)
2026-01-31 12:15:08,527 - INFO - Fetching documents: offset=500, limit=100
2026-01-31 12:15:08,528 - DEBUG - Starting new HTTPS connection (1): api.granola.ai:443
2026-01-31 12:15:08,993 - DEBUG - https://api.granola.ai:443 "POST /v2/get-documents HTTP/1.1" 200 419182
2026-01-31 12:15:09,111 - INFO - Fetched 100 documents (total so far: 600)
2026-01-31 12:15:09,112 - INFO - Fetching documents: offset=600, limit=100
2026-01-31 12:15:09,113 - DEBUG - Starting new HTTPS connection (1): api.granola.ai:443
2026-01-31 12:15:09,607 - DEBUG - https://api.granola.ai:443 "POST /v2/get-documents HTTP/1.1" 200 356580
2026-01-31 12:15:10,021 - INFO - Fetched 100 documents (total so far: 700)
2026-01-31 12:15:10,021 - INFO - Fetching documents: offset=700, limit=100
2026-01-31 12:15:10,023 - DEBUG - Starting new HTTPS connection (1): api.granola.ai:443
2026-01-31 12:15:10,297 - DEBUG - https://api.granola.ai:443 "POST /v2/get-documents HTTP/1.1" 200 108079
2026-01-31 12:15:10,462 - INFO - Fetched 25 documents (total so far: 725)
2026-01-31 12:15:10,463 - INFO - Total documents fetched: 725
2026-01-31 12:15:10,943 - INFO - API response saved to /Users/cyou/Documents/granola-transcripts/granola_api_response.json
2026-01-31 12:15:10,943 - INFO - Successfully fetched 725 documents from Granola
2026-01-31 12:15:10,943 - DEBUG - Skipping unchanged document: Standup
2026-01-31 12:15:10,943 - DEBUG - Skipping unchanged document: Standup
2026-01-31 12:15:10,943 - DEBUG - Skipping unchanged document: Figure / RWA.xyz - Data Sync (weekly)
2026-01-31 12:15:10,943 - DEBUG - Skipping unchanged document: RWA.xyz<>Syntera
2026-01-31 12:15:10,943 - DEBUG - Skipping unchanged document: Nick / Adam (RWA.xyz)
2026-01-31 12:15:10,943 - DEBUG - Skipping unchanged document: Standup
2026-01-31 12:15:10,943 - DEBUG - Skipping unchanged document: DA: rwa.xyz - Troubleshooting RWA.XYZ validator
2026-01-31 12:15:10,943 - DEBUG - Skipping unchanged document: Standup
2026-01-31 12:15:10,943 - DEBUG - Skipping unchanged document: Weekly All-Hands
2026-01-31 12:15:10,943 - DEBUG - Skipping unchanged document: Standup
2026-01-31 12:15:10,943 - DEBUG - Skipping unchanged document: Devang <> Charlie 1:1
2026-01-31 12:15:10,943 - DEBUG - Skipping unchanged document: Standup
2026-01-31 12:15:10,943 - DEBUG - Skipping unchanged document: Abraham / RWA.xyz
2026-01-31 12:15:10,943 - DEBUG - Skipping unchanged document: Standup
2026-01-31 12:15:10,943 - DEBUG - Skipping unchanged document: Weekly All-Hands
2026-01-31 12:15:10,943 - DEBUG - Skipping unchanged document: Eng AI Stuff
2026-01-31 12:15:10,943 - DEBUG - Skipping unchanged document: Alex and Bryan Choe + Charlie You
2026-01-31 12:15:10,943 - DEBUG - Skipping unchanged document: Standup
2026-01-31 12:15:10,943 - DEBUG - Skipping unchanged document: Standup
2026-01-31 12:15:10,943 - DEBUG - Skipping unchanged document: Dennis Simon and Charlie You + Adam Lawrence
2026-01-31 12:15:10,943 - DEBUG - Skipping unchanged document: Standup
2026-01-31 12:15:10,943 - DEBUG - Skipping unchanged document: Archetype <> RWA Sync
2026-01-31 12:15:10,943 - DEBUG - Skipping unchanged document: Kevin Miao and Charlie You + Adam Lawrence
2026-01-31 12:15:10,944 - DEBUG - Skipping unchanged document: Candidate technical interview review for data engineering role
2026-01-31 12:15:10,944 - DEBUG - Skipping unchanged document: Shah Newaz Khan and Charlie You
2026-01-31 12:15:10,944 - DEBUG - Skipping unchanged document: Charlie and Sunny Suh + Florian/Boxer
2026-01-31 12:15:10,944 - DEBUG - Skipping unchanged document: Standup
2026-01-31 12:15:10,944 - DEBUG - Skipping unchanged document: Daryl Partin and Charlie You
2026-01-31 12:15:10,944 - DEBUG - Skipping unchanged document: Standup
2026-01-31 12:15:10,944 - DEBUG - Skipping unchanged document: Figure / RWA.xyz - Data Sync (weekly)
2026-01-31 12:15:10,944 - DEBUG - Skipping unchanged document: Standup
2026-01-31 12:15:10,944 - DEBUG - Skipping unchanged document: Shah Newaz Khan and Charlie You
2026-01-31 12:15:10,944 - DEBUG - Skipping unchanged document: Abraham / RWA.xyz
2026-01-31 12:15:10,944 - DEBUG - Skipping unchanged document: Standup
2026-01-31 12:15:10,944 - DEBUG - Skipping unchanged document: None
2026-01-31 12:15:10,944 - DEBUG - Skipping unchanged document: Devang <> Charlie 1:1
2026-01-31 12:15:10,944 - DEBUG - Skipping unchanged document: Weekly All-Hands
2026-01-31 12:15:10,944 - DEBUG - Skipping unchanged document: Dev - RWA.xyz Take Home Review
2026-01-31 12:15:10,944 - DEBUG - Skipping unchanged document: Standup
2026-01-31 12:15:10,944 - DEBUG - Skipping unchanged document: Weekly All-Hands
2026-01-31 12:15:10,944 - DEBUG - Skipping unchanged document: Weekly Strategy & Planning
2026-01-31 12:15:10,944 - DEBUG - Skipping unchanged document: Securitize:RWA.xyz Weekly (copy)
2026-01-31 12:15:10,944 - INFO - Skipping in-progress/unended meeting: Abraham / RWA.xyz (meeting_end_count=0)
2026-01-31 12:15:10,944 - INFO - Skipping in-progress/unended meeting: Standup (meeting_end_count=0)
2026-01-31 12:15:10,944 - DEBUG - Skipping unchanged document: Reza & Norbert  and Charlie You + Adam Lawrence
2026-01-31 12:15:10,944 - DEBUG - Skipping unchanged document: Adam, Charlie, Hari
2026-01-31 12:15:10,944 - INFO - Skipping in-progress/unended meeting: Devang <> Charlie 1:1 (meeting_end_count=0)
2026-01-31 12:15:10,944 - DEBUG - Skipping unchanged document: RWA <> Figure
2026-01-31 12:15:10,944 - INFO - Skipping in-progress/unended meeting: 4DX review (meeting_end_count=0)
2026-01-31 12:15:10,944 - DEBUG - Skipping unchanged document: Figure / RWA.xyz - Data Sync (weekly)
2026-01-31 12:15:10,944 - INFO - Skipping in-progress/unended meeting: RWA/Aptos - Monthly (meeting_end_count=0)
2026-01-31 12:15:10,944 - INFO - Skipping in-progress/unended meeting: Standup (meeting_end_count=0)
2026-01-31 12:15:10,944 - DEBUG - Skipping unchanged document: Longyuan / RWA.xyz System Design
2026-01-31 12:15:10,944 - DEBUG - Skipping unchanged document: Standup
2026-01-31 12:15:10,944 - DEBUG - Skipping unchanged document: Wil/Charlie
2026-01-31 12:15:10,944 - DEBUG - Skipping unchanged document: Standup
2026-01-31 12:15:10,944 - DEBUG - Skipping unchanged document: Longyuan/RWA
2026-01-31 12:15:10,944 - INFO - Skipping in-progress/unended meeting: HARDCORE SHIP MODE (meeting_end_count=0)
2026-01-31 12:15:10,944 - DEBUG - Skipping unchanged document: Frax<>RWA.xyz
2026-01-31 12:15:10,944 - DEBUG - Skipping unchanged document: Standup
2026-01-31 12:15:10,944 - DEBUG - Skipping unchanged document: RWA.XYZ and XDCF
2026-01-31 12:15:10,944 - DEBUG - Skipping unchanged document: Figure / RWA.xyz - Data Sync (weekly)
2026-01-31 12:15:10,944 - DEBUG - Skipping unchanged document: Memento / RWA.xyz
2026-01-31 12:15:10,944 - DEBUG - Skipping unchanged document: Shubha Dasgupta and Bryan Choe + Charlie You
2026-01-31 12:15:10,944 - DEBUG - Skipping unchanged document: Standup
2026-01-31 12:15:10,944 - DEBUG - Skipping unchanged document: Block
2026-01-31 12:15:10,944 - DEBUG - Skipping unchanged document: Standup
2026-01-31 12:15:10,944 - DEBUG - Skipping unchanged document: Brandon/Charlie
2026-01-31 12:15:10,944 - DEBUG - Skipping unchanged document: Weekly All-Hands
2026-01-31 12:15:10,944 - DEBUG - Skipping unchanged document: Michael Grohmann and Charlie You
2026-01-31 12:15:10,944 - DEBUG - Skipping unchanged document: Standup
2026-01-31 12:15:10,944 - DEBUG - Skipping unchanged document: Egor Sukhanov and Bryan Choe + Charlie You
2026-01-31 12:15:10,944 - DEBUG - Skipping unchanged document: Standup
2026-01-31 12:15:10,944 - DEBUG - Skipping unchanged document: Standup
2026-01-31 12:15:10,944 - DEBUG - Skipping unchanged document: Figure / RWA.xyz - Data Sync
2026-01-31 12:15:10,944 - DEBUG - Skipping unchanged document: Longyuan <> Charlie - Software Engineer (Data Platform)
2026-01-31 12:15:10,944 - DEBUG - Skipping unchanged document: Eric <> Charlie - Software Engineer (Data Platform)
2026-01-31 12:15:10,944 - INFO - Skipping in-progress/unended meeting: Abraham / RWA.xyz (meeting_end_count=0)
2026-01-31 12:15:10,944 - DEBUG - Skipping unchanged document: Tony Dean and Charlie You
2026-01-31 12:15:10,944 - DEBUG - Skipping unchanged document: Peter and Charlie You
2026-01-31 12:15:10,944 - DEBUG - Skipping unchanged document: Weekly All-Hands
2026-01-31 12:15:10,944 - DEBUG - Skipping unchanged document: Kit <> Charlie - Software Engineer (Data Platform)
2026-01-31 12:15:10,944 - DEBUG - Skipping unchanged document: Standup
2026-01-31 12:15:10,944 - DEBUG - Skipping unchanged document: Standup
2026-01-31 12:15:10,944 - DEBUG - Skipping unchanged document: Dylan <> Charlie - Software Engineer (Data Platform)
2026-01-31 12:15:10,944 - DEBUG - Skipping unchanged document: Proposal Review
2026-01-31 12:15:10,944 - DEBUG - Skipping unchanged document: Weekly All-Hands
2026-01-31 12:15:10,944 - DEBUG - Skipping unchanged document: Weekly Strategy & Planning
2026-01-31 12:15:10,944 - DEBUG - Skipping unchanged document: Standup
2026-01-31 12:15:10,944 - DEBUG - Skipping unchanged document: SonarX -- RWA.XYZ
2026-01-31 12:15:10,944 - INFO - Skipping in-progress/unended meeting: Streaming workload demand forecast (meeting_end_count=0)
2026-01-31 12:15:10,944 - DEBUG - Skipping unchanged document: Felix <> Charlie - Software Engineer (Data Platform)
2026-01-31 12:15:10,944 - DEBUG - Skipping unchanged document: Standup
2026-01-31 12:15:10,944 - DEBUG - Skipping unchanged document: Charlie and Nelson Mwania
2026-01-31 12:15:10,944 - INFO - Skipping in-progress/unended meeting: Zoom Meeting w/Charlie and Rich (RWA xyz - CID - 19660) Discuss ADHOC (Holding People Accountable) (meeting_end_count=0)
2026-01-31 12:15:10,944 - DEBUG - Skipping unchanged document: Brett Williamson and Bryan Choe + Charlie You
2026-01-31 12:15:10,944 - DEBUG - Skipping unchanged document: Egor Sukhanov and Bryan Choe + Charlie You
2026-01-31 12:15:10,944 - DEBUG - Skipping unchanged document: Standup
2026-01-31 12:15:10,944 - DEBUG - Skipping unchanged document: Databricks Renewal 
2026-01-31 12:15:10,944 - DEBUG - Skipping unchanged document: Eason <> Charlie - Software Engineer (Data Platform)
2026-01-31 12:15:10,944 - INFO - Skipping in-progress/unended meeting: Standup (meeting_end_count=0)
2026-01-31 12:15:10,944 - DEBUG - Skipping unchanged document: Weekly All-Hands
2026-01-31 12:15:10,944 - DEBUG - Skipping unchanged document: Standup
2026-01-31 12:15:10,944 - DEBUG - Skipping unchanged document: Figure data partnership exploration with hedge fund
2026-01-31 12:15:10,944 - DEBUG - Skipping unchanged document: Standup
2026-01-31 12:15:10,944 - DEBUG - Skipping unchanged document: Kenneth <> Charlie - Software Engineer (Data Platform)
2026-01-31 12:15:10,944 - DEBUG - Skipping unchanged document: Standup
2026-01-31 12:15:10,944 - DEBUG - Skipping unchanged document: Backfill automation
2026-01-31 12:15:10,945 - DEBUG - Skipping unchanged document: FGP <> RWA.xyz Call
2026-01-31 12:15:10,945 - DEBUG - Skipping unchanged document: Radi Alsahli and Dean Khan Dhillon
2026-01-31 12:15:10,945 - DEBUG - Skipping unchanged document: Devang / Bryan
2026-01-31 12:15:10,945 - DEBUG - Skipping unchanged document: Standup
2026-01-31 12:15:10,945 - DEBUG - Skipping unchanged document: Weekly All-Hands
2026-01-31 12:15:10,945 - DEBUG - Skipping unchanged document: Devang <> Ethan : RWA Interview
2026-01-31 12:15:10,945 - DEBUG - Skipping unchanged document: Securitize:RWA.xyz Weekly
2026-01-31 12:15:10,945 - DEBUG - Skipping unchanged document: BR/RWA catch up
2026-01-31 12:15:10,945 - DEBUG - Skipping unchanged document: Standup
2026-01-31 12:15:10,945 - DEBUG - Skipping unchanged document: Freestone <> RWA.xyz FIGR Follow Up Call
2026-01-31 12:15:10,945 - INFO - Skipping in-progress/unended meeting: Zoom Meeting w/Charlie and Rich (RWA xyz) Discuss ADHOC (meeting_end_count=0)
2026-01-31 12:15:10,945 - DEBUG - Skipping unchanged document: Ben/Charlie
2026-01-31 12:15:10,945 - DEBUG - Skipping unchanged document: Macrina Kgil & Adam | RWA.xyz
2026-01-31 12:15:10,945 - DEBUG - Skipping unchanged document: Abraham / RWA.xyz
2026-01-31 12:15:10,945 - DEBUG - Skipping unchanged document: Standup
2026-01-31 12:15:10,945 - DEBUG - Skipping unchanged document: Marli Welch & Adam | RWA.xyz
2026-01-31 12:15:10,945 - DEBUG - Skipping unchanged document: Charlie and Timothy Li
2026-01-31 12:15:10,945 - DEBUG - Skipping unchanged document: Weekly All-Hands
2026-01-31 12:15:10,945 - DEBUG - Skipping unchanged document: Listings Retro + Integration Syncc
2026-01-31 12:15:10,945 - DEBUG - Skipping unchanged document: Standup
2026-01-31 12:15:10,945 - DEBUG - Skipping unchanged document: Meow <> RWA.xyz
2026-01-31 12:15:10,945 - DEBUG - Skipping unchanged document: Devang <> Charlie 1:1
2026-01-31 12:15:10,945 - DEBUG - Skipping unchanged document: Charlie and Michael Haven
2026-01-31 12:15:10,945 - DEBUG - Skipping unchanged document: RWA API - Blockchain Lab and Charlie You + Adam Lawrence
2026-01-31 12:15:10,945 - DEBUG - Skipping unchanged document: Standup
2026-01-31 12:15:10,945 - DEBUG - Skipping unchanged document: Archetype <> RWA Sync
2026-01-31 12:15:10,945 - DEBUG - Skipping unchanged document: Standup
2026-01-31 12:15:10,945 - DEBUG - Skipping unchanged document: RWA.xyz & Jovay meeting and Charlie You
2026-01-31 12:15:10,945 - DEBUG - Skipping unchanged document: TAC/Podcast Branding
2026-01-31 12:15:10,945 - DEBUG - Skipping unchanged document: Talk to us with Cardinal Refer
2026-01-31 12:15:10,945 - DEBUG - Skipping unchanged document: Charlie and Sydney Lefevre from rwa.xyz
2026-01-31 12:15:10,945 - DEBUG - Skipping unchanged document: Weekly All-Hands
2026-01-31 12:15:10,945 - INFO - Skipping in-progress/unended meeting: Listings Retro + Integration Syncc (meeting_end_count=0)
2026-01-31 12:15:10,945 - DEBUG - Skipping unchanged document: Standup
2026-01-31 12:15:10,945 - DEBUG - Skipping unchanged document: sync
2026-01-31 12:15:10,945 - DEBUG - Skipping unchanged document: Adam, Charlie, Hari
2026-01-31 12:15:10,945 - DEBUG - Skipping unchanged document: Devang <> Charlie 1:1
2026-01-31 12:15:10,945 - DEBUG - Skipping unchanged document: RWA/Aptos - Monthly
2026-01-31 12:15:10,945 - INFO - Skipping in-progress/unended meeting: Standup (meeting_end_count=0)
2026-01-31 12:15:10,945 - DEBUG - Skipping unchanged document: Zoom Meeting w/Charlie and Rich (RWA xyz) Discuss Teamwork, Delegation, Creating buy-in, Emotional intelligence, or Communication Skills
2026-01-31 12:15:10,945 - DEBUG - Skipping unchanged document: RWA.xyz <> Intain
2026-01-31 12:15:10,945 - DEBUG - Skipping unchanged document: Standup
2026-01-31 12:15:10,945 - DEBUG - Skipping unchanged document: derek / adam / charlie
2026-01-31 12:15:10,945 - DEBUG - Skipping unchanged document: RWA Data Onboarding
2026-01-31 12:15:10,945 - DEBUG - Skipping unchanged document: Abraham / RWA.xyz
2026-01-31 12:15:10,945 - DEBUG - Skipping unchanged document: Listings Retro + Integration Syncc
2026-01-31 12:15:10,945 - INFO - Skipping in-progress/unended meeting: Archetype <> Charlie (meeting_end_count=0)
2026-01-31 12:15:10,945 - DEBUG - Skipping unchanged document: Hari/Charlie
2026-01-31 12:15:10,945 - DEBUG - Skipping unchanged document: Standup
2026-01-31 12:15:10,945 - DEBUG - Skipping unchanged document: Devang <> Charlie 1:1
2026-01-31 12:15:10,945 - DEBUG - Skipping unchanged document: Standup
2026-01-31 12:15:10,945 - DEBUG - Skipping unchanged document: RWA.xyz <> Coinbase
2026-01-31 12:15:10,945 - DEBUG - Skipping unchanged document: Weekly All-Hands
2026-01-31 12:15:10,945 - DEBUG - Skipping unchanged document: Wil/Charlie
2026-01-31 12:15:10,945 - DEBUG - Skipping unchanged document: Charlie / Van (ABC)
2026-01-31 12:15:10,945 - DEBUG - Skipping unchanged document: Ethan Kwan  and Charlie You
2026-01-31 12:15:10,945 - DEBUG - Skipping unchanged document: Alex/Charlie
2026-01-31 12:15:10,945 - DEBUG - Skipping unchanged document: Standup
2026-01-31 12:15:10,945 - DEBUG - Skipping unchanged document: Abraham / RWA.xyz
2026-01-31 12:15:10,945 - DEBUG - Skipping unchanged document: Dune <> RWA.xyz
2026-01-31 12:15:10,945 - DEBUG - Skipping unchanged document: Jun Park  and Charlie You
2026-01-31 12:15:10,945 - DEBUG - Skipping unchanged document: Devang <> Charlie 1:1
2026-01-31 12:15:10,945 - DEBUG - Skipping unchanged document: Standup
2026-01-31 12:15:10,945 - DEBUG - Skipping unchanged document: Dean/RWA,xyz
2026-01-31 12:15:10,945 - DEBUG - Skipping unchanged document: Zoom Meeting w/Charlie and Rich (RWA xyz) Discuss Teamwork, Delegation, Creating buy-in, Emotional intelligence, or Communication Skills
2026-01-31 12:15:10,945 - DEBUG - Skipping unchanged document: Weekly All-Hands
2026-01-31 12:15:10,945 - DEBUG - Skipping unchanged document: Standup
2026-01-31 12:15:10,945 - DEBUG - Skipping unchanged document: Arnaud Simeray and Charlie You
2026-01-31 12:15:10,945 - DEBUG - Skipping unchanged document: rwa.xyz <> Catalyst Kick Off
2026-01-31 12:15:10,945 - INFO - Skipping in-progress/unended meeting: Devang <> Charlie 1:1 (meeting_end_count=0)
2026-01-31 12:15:10,945 - DEBUG - Skipping unchanged document: Standup
2026-01-31 12:15:10,945 - DEBUG - Skipping unchanged document: Zoom Meeting w/Charlie and Rich (RWA xyz) Review the PLP
2026-01-31 12:15:10,945 - DEBUG - Skipping unchanged document: Guled and Charlie You + Bryan Choe
2026-01-31 12:15:10,945 - DEBUG - Skipping unchanged document: Standup
2026-01-31 12:15:10,945 - DEBUG - Skipping unchanged document: Alex Johnson and Charlie You
2026-01-31 12:15:10,945 - DEBUG - Skipping unchanged document: Weekly All-Hands
2026-01-31 12:15:10,945 - DEBUG - Skipping unchanged document: Charlie (RWA) <> Walt (SC)
2026-01-31 12:15:10,945 - INFO - Skipping in-progress/unended meeting: AB / RWA sync (meeting_end_count=0)
2026-01-31 12:15:10,945 - INFO - Skipping in-progress/unended meeting: Stellar / RWA.xyz - Bi-Weekly (meeting_end_count=0)
2026-01-31 12:15:10,945 - INFO - Skipping in-progress/unended meeting: Hedera <> RWA.xyz (meeting_end_count=0)
2026-01-31 12:15:10,945 - DEBUG - Skipping unchanged document: Standup
2026-01-31 12:15:10,945 - DEBUG - Skipping unchanged document: Catalyst <> RWA and Adam Lawrence + Charlie You
2026-01-31 12:15:10,945 - DEBUG - Skipping unchanged document: Tomorrow + RWA
2026-01-31 12:15:10,945 - DEBUG - Skipping unchanged document: Pasha / Charlie
2026-01-31 12:15:10,945 - DEBUG - Skipping unchanged document: Standup
2026-01-31 12:15:10,945 - DEBUG - Skipping unchanged document: Ondo x RWA
2026-01-31 12:15:10,945 - DEBUG - Skipping unchanged document: Pasha - Final Round Interview
2026-01-31 12:15:10,945 - DEBUG - Skipping unchanged document: Weekly All-Hands
2026-01-31 12:15:10,945 - DEBUG - Skipping unchanged document: Catalyst <> RWA.xyz Proposal review and Adam Lawrence + Charlie You
2026-01-31 12:15:10,946 - INFO - Skipping in-progress/unended meeting: Standup (meeting_end_count=0)
2026-01-31 12:15:10,946 - DEBUG - Skipping unchanged document: Titan Intro: Rich <> Charlie
2026-01-31 12:15:10,946 - DEBUG - Skipping unchanged document: Titan Intro: Danny <> Charlie
2026-01-31 12:15:10,946 - DEBUG - Skipping unchanged document: Standup
2026-01-31 12:15:10,946 - DEBUG - Skipping unchanged document: RWA Summit Data Panel Prep
2026-01-31 12:15:10,946 - DEBUG - Skipping unchanged document: Standup
2026-01-31 12:15:10,946 - DEBUG - Skipping unchanged document: Abraham / RWA.xyz
2026-01-31 12:15:10,946 - DEBUG - Skipping unchanged document: Standup
2026-01-31 12:15:10,946 - DEBUG - Skipping unchanged document: Archetype <> RWA Sync
2026-01-31 12:15:10,946 - DEBUG - Skipping unchanged document: Aave Labs // RWA.XYZ
2026-01-31 12:15:10,946 - INFO - Skipping in-progress/unended meeting: Wil / Charlie (meeting_end_count=0)
2026-01-31 12:15:10,946 - DEBUG - Skipping unchanged document: Hedera <> RWA.xyz
2026-01-31 12:15:10,946 - DEBUG - Skipping unchanged document: Ava Labs <> RWA.xyz Biweekly Check-In
2026-01-31 12:15:10,946 - DEBUG - Skipping unchanged document: Standup
2026-01-31 12:15:10,946 - DEBUG - Skipping unchanged document: Eric saraniecki & Adam | RWA.xyz
2026-01-31 12:15:10,946 - DEBUG - Skipping unchanged document: Katherine Mitchell and Adam Lawrence + Charlie You
2026-01-31 12:15:10,946 - DEBUG - Skipping unchanged document: brian guerra and Adam Lawrence + Charlie You
2026-01-31 12:15:10,946 - DEBUG - Skipping unchanged document: Intro to Catalyst
2026-01-31 12:15:10,946 - DEBUG - Skipping unchanged document: Charlie / Adam (RWA) <> Kam/Bediss (Kaiko)
2026-01-31 12:15:10,946 - DEBUG - Skipping unchanged document: Startup career path and crypto opportunities exploration
2026-01-31 12:15:10,946 - DEBUG - Skipping unchanged document: Weekly All-Hands
2026-01-31 12:15:10,946 - DEBUG - Skipping unchanged document: Coaching goals and leadership growth for Charlie You
2026-01-31 12:15:10,946 - DEBUG - Skipping unchanged document: Dating profile optimization and Instagram strategy session
2026-01-31 12:15:10,946 - DEBUG - Skipping unchanged document: Standup
2026-01-31 12:15:10,946 - DEBUG - Skipping unchanged document: Chris kickoff
2026-01-31 12:15:10,946 - DEBUG - Skipping unchanged document: Niko / RWA.xyz
2026-01-31 12:15:10,946 - DEBUG - Skipping unchanged document: Standup
2026-01-31 12:15:10,946 - DEBUG - Skipping unchanged document: Adam/Charlie (RWA.xyz) <> Ambre/Elodie/Kam (Kaiko) - follow up call
2026-01-31 12:15:10,946 - DEBUG - Skipping unchanged document: Devang <> Charlie 1:1
2026-01-31 12:15:10,946 - DEBUG - Skipping unchanged document: Standup
2026-01-31 12:15:10,946 - DEBUG - Skipping unchanged document: Alex Reed and Charlie You
2026-01-31 12:15:10,946 - DEBUG - Skipping unchanged document: Foster Wright and Adam Lawrence + Charlie You
2026-01-31 12:15:10,946 - DEBUG - Skipping unchanged document: Blake Morgan and Charlie You + Bryan Choe
2026-01-31 12:15:10,946 - DEBUG - Skipping unchanged document: rwa.xyz <> Paraform
2026-01-31 12:15:10,946 - INFO - Skipping in-progress/unended meeting: Schoen and Charlie You (meeting_end_count=0)
2026-01-31 12:15:10,946 - DEBUG - Skipping unchanged document: Niko Moutopoulos and Charlie You
2026-01-31 12:15:10,946 - INFO - Skipping in-progress/unended meeting: Knyckolas Sutherland and Charlie You (meeting_end_count=0)
2026-01-31 12:15:10,946 - DEBUG - Skipping unchanged document: Jorge Sanchez and Adam Lawrence + Charlie You
2026-01-31 12:15:10,946 - DEBUG - Skipping unchanged document: Alex/Charlie
2026-01-31 12:15:10,946 - DEBUG - Skipping unchanged document: Weekly All-Hands
2026-01-31 12:15:10,946 - DEBUG - Skipping unchanged document: 🌚 Weekly Planning
2026-01-31 12:15:10,946 - DEBUG - Skipping unchanged document: Bullish/RWA.xyz
2026-01-31 12:15:10,946 - DEBUG - Skipping unchanged document: Securitize:RWA.xyz Weekly
2026-01-31 12:15:10,946 - DEBUG - Skipping unchanged document: Hedera <> RWA.xyz
2026-01-31 12:15:10,946 - DEBUG - Skipping unchanged document: Standup
2026-01-31 12:15:10,946 - DEBUG - Skipping unchanged document: Ripple / RWA.xyz
2026-01-31 12:15:10,946 - DEBUG - Skipping unchanged document: Jack Gierlich and Adam Lawrence + Charlie You
2026-01-31 12:15:10,946 - DEBUG - Skipping unchanged document: Ken Ruf and Adam Lawrence + Charlie You
2026-01-31 12:15:10,946 - DEBUG - Skipping unchanged document: Standup
2026-01-31 12:15:10,946 - DEBUG - Skipping unchanged document: RWA.XYZ <> Bullish | Product Sync - Potential M&A
2026-01-31 12:15:10,946 - DEBUG - Skipping unchanged document: Weekly RWA.xyz and BP Sync
2026-01-31 12:15:10,946 - DEBUG - Skipping unchanged document: Charlie and Matt Skopak
2026-01-31 12:15:10,946 - DEBUG - Skipping unchanged document: Weekly All-Hands
2026-01-31 12:15:10,946 - DEBUG - Skipping unchanged document: Stellar / RWA.xyz Kickoff
2026-01-31 12:15:10,946 - DEBUG - Skipping unchanged document: RWA.xyz <> Dinari L1
2026-01-31 12:15:10,946 - DEBUG - Skipping unchanged document: Securitize:RWA.xyz Weekly
2026-01-31 12:15:10,946 - DEBUG - Skipping unchanged document: Hedera <> RWA.xyz
2026-01-31 12:15:10,946 - DEBUG - Skipping unchanged document: Ondo / RWA.xyz sync
2026-01-31 12:15:10,946 - DEBUG - Skipping unchanged document: Standup
2026-01-31 12:15:10,946 - DEBUG - Skipping unchanged document: Chris / Charlie
2026-01-31 12:15:10,946 - DEBUG - Skipping unchanged document: Polygon / RWA.xyz
2026-01-31 12:15:10,946 - DEBUG - Skipping unchanged document: Standup
2026-01-31 12:15:10,946 - DEBUG - Skipping unchanged document: Charlie and Anna Wroblewska
2026-01-31 12:15:10,946 - DEBUG - Skipping unchanged document: Standup
2026-01-31 12:15:10,946 - DEBUG - Skipping unchanged document: Archetype <> RWA Sync
2026-01-31 12:15:10,946 - DEBUG - Skipping unchanged document: Listing Bottleneck Review
2026-01-31 12:15:10,946 - INFO - Skipping in-progress/unended meeting: Listing Bottleneck Review (meeting_end_count=0)
2026-01-31 12:15:10,946 - DEBUG - Skipping unchanged document: Securitize:RWA.xyz Weekly
2026-01-31 12:15:10,946 - DEBUG - Skipping unchanged document: Ava Labs <> RWA.xyz Biweekly Check-In
2026-01-31 12:15:10,946 - DEBUG - Skipping unchanged document: Standup
2026-01-31 12:15:10,946 - DEBUG - Skipping unchanged document: Ripple / RWA.xyz
2026-01-31 12:15:10,946 - DEBUG - Skipping unchanged document: Bryan Bumgardner and Adam Lawrence + Charlie You
2026-01-31 12:15:10,946 - DEBUG - Skipping unchanged document: Call: Ryland (10x) <> Charlie (RWA)
2026-01-31 12:15:10,946 - INFO - Skipping in-progress/unended meeting: William Neeley and Charlie You (meeting_end_count=0)
2026-01-31 12:15:10,946 - INFO - Skipping in-progress/unended meeting: Standup (meeting_end_count=0)
2026-01-31 12:15:10,946 - DEBUG - Skipping unchanged document: Polygon / RWA.xyz
2026-01-31 12:15:10,946 - DEBUG - Skipping unchanged document: Standup
2026-01-31 12:15:10,946 - DEBUG - Skipping unchanged document: Weekly All-Hands
2026-01-31 12:15:10,946 - INFO - Skipping in-progress/unended meeting: Kyco acquisition strategy and market positioning (meeting_end_count=0)
2026-01-31 12:15:10,946 - DEBUG - Skipping unchanged document: Polytomic demo
2026-01-31 12:15:10,946 - DEBUG - Skipping unchanged document: Securitize:RWA.xyz Weekly
2026-01-31 12:15:10,946 - DEBUG - Skipping unchanged document: RWA Interview Process Review
2026-01-31 12:15:10,946 - DEBUG - Skipping unchanged document: RWA / Fidelity demo (I can't add others to fidelity invite for some reason)
2026-01-31 12:15:10,946 - DEBUG - Skipping unchanged document: RWA/Aptos - Monthly
2026-01-31 12:15:10,946 - DEBUG - Skipping unchanged document: Ondo <> RWA.xyz: proposal
2026-01-31 12:15:10,946 - DEBUG - Skipping unchanged document: Polygon / RWA.xyz
2026-01-31 12:15:10,946 - INFO - Skipping in-progress/unended meeting: BR/RWA catch up (meeting_end_count=0)
2026-01-31 12:15:10,946 - DEBUG - Skipping unchanged document: Abraham / RWA.xyz
2026-01-31 12:15:10,946 - DEBUG - Skipping unchanged document: Max Fantle and Adam Lawrence + Charlie You
2026-01-31 12:15:10,946 - DEBUG - Skipping unchanged document: Standup
2026-01-31 12:15:10,947 - DEBUG - Skipping unchanged document: Standup
2026-01-31 12:15:10,947 - DEBUG - Skipping unchanged document: Archetype <> RWA Sync
2026-01-31 12:15:10,947 - DEBUG - Skipping unchanged document: Katie Wheeler and Adam Lawrence + Charlie You
2026-01-31 12:15:10,947 - DEBUG - Skipping unchanged document: CL memo
2026-01-31 12:15:10,947 - DEBUG - Skipping unchanged document: Johann Eid and Adam Lawrence + Charlie You
2026-01-31 12:15:10,947 - DEBUG - Skipping unchanged document: Integration Sync (Charlie <> Bryan)
2026-01-31 12:15:10,947 - DEBUG - Skipping unchanged document: AB / RWA sync
2026-01-31 12:15:10,947 - DEBUG - Skipping unchanged document: Database performance optimization with Alex
2026-01-31 12:15:10,947 - DEBUG - Skipping unchanged document: Standup
2026-01-31 12:15:10,947 - DEBUG - Skipping unchanged document: Marcus Gibson and Adam Lawrence
2026-01-31 12:15:10,947 - DEBUG - Skipping unchanged document: RWA.xyz <> Amberdata
2026-01-31 12:15:10,947 - DEBUG - Skipping unchanged document: Hedera <> RWA.xyz
2026-01-31 12:15:10,947 - DEBUG - Skipping unchanged document: Kaiko / RWA.xyz
2026-01-31 12:15:10,947 - DEBUG - Skipping unchanged document: Debugging base protocol token duplication on data lake
2026-01-31 12:15:10,947 - DEBUG - Skipping unchanged document: Fredrik / Adam (RWA.xyz) catch up
2026-01-31 12:15:10,947 - DEBUG - Skipping unchanged document: Ava Labs <> RWA.xyz Biweekly Check-In
2026-01-31 12:15:10,947 - DEBUG - Skipping unchanged document: Standup
2026-01-31 12:15:10,947 - DEBUG - Skipping unchanged document: New Partners App (Internal)
2026-01-31 12:15:10,947 - DEBUG - Skipping unchanged document: Stellar network RWA pricing data pipeline expansion with WisdomTree
2026-01-31 12:15:10,947 - DEBUG - Skipping unchanged document: Standup
2026-01-31 12:15:10,947 - DEBUG - Skipping unchanged document: Charlie and Adam Keller
2026-01-31 12:15:10,947 - DEBUG - Skipping unchanged document: Charlie/Adam/Hari
2026-01-31 12:15:10,947 - INFO - Skipping in-progress/unended meeting: Meeting with Omer Goldberg on Chaos Labs AI financial app and token strategy (meeting_end_count=0)
2026-01-31 12:15:10,947 - DEBUG - Skipping unchanged document: Devang <> Charlie 1:1
2026-01-31 12:15:10,947 - DEBUG - Skipping unchanged document: Charlie and Krissy Manzano
2026-01-31 12:15:10,947 - DEBUG - Skipping unchanged document: Integration Sync (Charlie <> Bryan)
2026-01-31 12:15:10,947 - DEBUG - Skipping unchanged document: Weekly All-Hands
2026-01-31 12:15:10,947 - DEBUG - Skipping unchanged document: Rwaxyz <> Pilot - Charlie You and Todd Tigner
2026-01-31 12:15:10,947 - DEBUG - Skipping unchanged document: Charlie and Bijal Patel
2026-01-31 12:15:10,947 - DEBUG - Skipping unchanged document: Alec Novella and Charlie You
2026-01-31 12:15:10,947 - DEBUG - Skipping unchanged document: Integration Sync (Charlie <> Bryan)
2026-01-31 12:15:10,947 - INFO - Skipping in-progress/unended meeting: Weekly All-Hands (meeting_end_count=0)
2026-01-31 12:15:10,947 - INFO - Skipping in-progress/unended meeting: Weekly Planning (meeting_end_count=0)
2026-01-31 12:15:10,947 - DEBUG - Skipping unchanged document: Standup
2026-01-31 12:15:10,947 - DEBUG - Skipping unchanged document: Chuck / Adam 
2026-01-31 12:15:10,947 - DEBUG - Skipping unchanged document: Lukka <> RWA.xyz
2026-01-31 12:15:10,947 - DEBUG - Skipping unchanged document: Devang <> Charlie 1:1
2026-01-31 12:15:10,947 - DEBUG - Skipping unchanged document: Standup
2026-01-31 12:15:10,947 - DEBUG - Skipping unchanged document: Charlie and Krissy Manzano
2026-01-31 12:15:10,947 - DEBUG - Skipping unchanged document: Edwin Mata and Adam Lawrence + Charlie You
2026-01-31 12:15:10,947 - DEBUG - Skipping unchanged document: Adam/Charlie <> Bediss/Elodie call
2026-01-31 12:15:10,947 - DEBUG - Skipping unchanged document: Standup
2026-01-31 12:15:10,947 - DEBUG - Skipping unchanged document: Charlie You and Lavanya Bhatt
2026-01-31 12:15:10,947 - DEBUG - Skipping unchanged document: Integration Sync (Charlie <> Bryan)
2026-01-31 12:15:10,947 - DEBUG - Skipping unchanged document: Weekly All-Hands
2026-01-31 12:15:10,947 - DEBUG - Skipping unchanged document: [External] Re: RWA/FDAM: Listing Process Discussion
2026-01-31 12:15:10,947 - DEBUG - Skipping unchanged document: Standup
2026-01-31 12:15:10,947 - DEBUG - Skipping unchanged document: Messari/RWA.xyz data catch up
2026-01-31 12:15:10,947 - DEBUG - Skipping unchanged document: Adam, Charlie, Hari
2026-01-31 12:15:10,947 - DEBUG - Skipping unchanged document: Standup
2026-01-31 12:15:10,947 - DEBUG - Skipping unchanged document: Frederik (Centrifuge) and Adam Lawrence + 2 others
2026-01-31 12:15:10,947 - DEBUG - Skipping unchanged document: Standup
2026-01-31 12:15:10,947 - DEBUG - Skipping unchanged document: zerohash <> RWA
2026-01-31 12:15:10,947 - DEBUG - Skipping unchanged document: Archetype <> RWA Sync
2026-01-31 12:15:10,947 - INFO - Skipping in-progress/unended meeting: Acquisition offer considerations and founder advice for Leo (meeting_end_count=0)
2026-01-31 12:15:10,947 - INFO - Skipping in-progress/unended meeting: M&A strategy and market outreach planning for crypto data company (meeting_end_count=0)
2026-01-31 12:15:10,947 - INFO - Skipping in-progress/unended meeting: adam@rwa.xyz / Leo (meeting_end_count=0)
2026-01-31 12:15:10,947 - DEBUG - Skipping unchanged document: Financial statement restructuring and revenue recognition strategies
2026-01-31 12:15:10,947 - DEBUG - Skipping unchanged document: Memo
2026-01-31 12:15:10,947 - DEBUG - Skipping unchanged document: Brian and Adam Lawrence
2026-01-31 12:15:10,947 - DEBUG - Skipping unchanged document: Erbil | Huma and Adam Lawrence + 2 others
2026-01-31 12:15:10,947 - DEBUG - Skipping unchanged document: M&A process preparation for Rwa acquisition strategy
2026-01-31 12:15:10,947 - DEBUG - Skipping unchanged document: Standup
2026-01-31 12:15:10,947 - DEBUG - Skipping unchanged document: Busy
2026-01-31 12:15:10,947 - DEBUG - Skipping unchanged document: Charlie You and Aria Attar
2026-01-31 12:15:10,947 - DEBUG - Skipping unchanged document: Standup
2026-01-31 12:15:10,947 - DEBUG - Skipping unchanged document: Catch up JR + RWA
2026-01-31 12:15:10,947 - DEBUG - Skipping unchanged document: Standup
2026-01-31 12:15:10,947 - DEBUG - Skipping unchanged document: Weekly All-Hands
2026-01-31 12:15:10,947 - DEBUG - Skipping unchanged document: RWA.XYZ and XDC Foundation
2026-01-31 12:15:10,947 - DEBUG - Skipping unchanged document: Poker strategy: multi-way pot dynamics and exploitative play
2026-01-31 12:15:10,947 - DEBUG - Skipping unchanged document: Charlie You and Aria Attar
2026-01-31 12:15:10,947 - INFO - Skipping in-progress/unended meeting: rwa.xyz x soso lunch (meeting_end_count=0)
2026-01-31 12:15:10,947 - DEBUG - Skipping unchanged document: Standup
2026-01-31 12:15:10,947 - DEBUG - Skipping unchanged document: Deck review
2026-01-31 12:15:10,947 - DEBUG - Skipping unchanged document: Bart Tyrpien  and Charlie You
2026-01-31 12:15:10,947 - DEBUG - Skipping unchanged document: Ava Labs <> RWA.xyz Biweekly Check-In
2026-01-31 12:15:10,947 - DEBUG - Skipping unchanged document: Matthew Garrett and Charlie You
2026-01-31 12:15:10,947 - DEBUG - Skipping unchanged document: Matt Upham and Charlie You
2026-01-31 12:15:10,947 - DEBUG - Skipping unchanged document: Junhyuk (Jason) Bae and Charlie You
2026-01-31 12:15:10,947 - DEBUG - Skipping unchanged document: Weekly All-Hands
2026-01-31 12:15:10,947 - DEBUG - Skipping unchanged document: Weekly Planning
2026-01-31 12:15:10,947 - DEBUG - Skipping unchanged document: Alfie Greenwood and Adam Lawrence
2026-01-31 12:15:10,947 - DEBUG - Skipping unchanged document: Ops review
2026-01-31 12:15:10,947 - DEBUG - Skipping unchanged document: RWA.xyz data integration
2026-01-31 12:15:10,947 - DEBUG - Skipping unchanged document: Standup
2026-01-31 12:15:10,947 - INFO - Skipping in-progress/unended meeting: Founder Retro (meeting_end_count=0)
2026-01-31 12:15:10,947 - DEBUG - Skipping unchanged document: Shu Coaching
2026-01-31 12:15:10,947 - DEBUG - Skipping unchanged document: Jesus Lander and Charlie You + Bryan Choe
2026-01-31 12:15:10,947 - INFO - Skipping in-progress/unended meeting: Justin / Adam sync (meeting_end_count=0)
2026-01-31 12:15:10,948 - INFO - Skipping in-progress/unended meeting: Adam, Charlie, Hari (meeting_end_count=0)
2026-01-31 12:15:10,948 - DEBUG - Skipping unchanged document: Catch Up
2026-01-31 12:15:10,948 - DEBUG - Skipping unchanged document: Saurabh / Charlie, Adam (RWA.xyz)
2026-01-31 12:15:10,948 - DEBUG - Skipping unchanged document: Standup
2026-01-31 12:15:10,948 - INFO - Skipping in-progress/unended meeting: Sync (meeting_end_count=0)
2026-01-31 12:15:10,948 - DEBUG - Skipping unchanged document: Adam Lawrence and Yida Gao
2026-01-31 12:15:10,948 - INFO - Skipping in-progress/unended meeting: Cooley <> RWA.xyz (meeting_end_count=0)
2026-01-31 12:15:10,948 - DEBUG - Skipping unchanged document: sync
2026-01-31 12:15:10,948 - DEBUG - Skipping unchanged document: Acquisition strategy and term sheet review with potential acquirers
2026-01-31 12:15:10,948 - DEBUG - Skipping unchanged document: Archetype <> RWA Sync
2026-01-31 12:15:10,948 - DEBUG - Skipping unchanged document: Collin/Adam/charlie
2026-01-31 12:15:10,948 - DEBUG - Skipping unchanged document: Weekly All-Hands
2026-01-31 12:15:10,948 - DEBUG - Skipping unchanged document: Standup
2026-01-31 12:15:10,948 - INFO - Skipping in-progress/unended meeting: Founder Retro (meeting_end_count=0)
2026-01-31 12:15:10,948 - DEBUG - Skipping unchanged document: Ava Labs <> RWA.xyz Biweekly Check-In
2026-01-31 12:15:10,948 - INFO - Skipping in-progress/unended meeting: Collin/Adam/Charlie (meeting_end_count=0)
2026-01-31 12:15:10,948 - DEBUG - Skipping unchanged document: Standup
2026-01-31 12:15:10,948 - INFO - Skipping in-progress/unended meeting: Standup (meeting_end_count=0)
2026-01-31 12:15:10,948 - DEBUG - Skipping unchanged document: Weekly All-Hands
2026-01-31 12:15:10,948 - DEBUG - Skipping unchanged document: Adam, Charlie, Hari
2026-01-31 12:15:10,948 - DEBUG - Skipping unchanged document: Plexus/RWA
2026-01-31 12:15:10,948 - DEBUG - Skipping unchanged document: Standup
2026-01-31 12:15:10,948 - DEBUG - Skipping unchanged document: Ariane / RWA.xyz
2026-01-31 12:15:10,948 - DEBUG - Skipping unchanged document: Devang <> Charlie 1:1
2026-01-31 12:15:10,948 - DEBUG - Skipping unchanged document: Standup
2026-01-31 12:15:10,948 - DEBUG - Skipping unchanged document: Charlie and Josh Winer
2026-01-31 12:15:10,948 - DEBUG - Skipping unchanged document: Integration Sync (Charlie <> Bryan)
2026-01-31 12:15:10,948 - DEBUG - Skipping unchanged document: Weekly All-Hands
2026-01-31 12:15:10,948 - DEBUG - Skipping unchanged document: Standup
2026-01-31 12:15:10,948 - DEBUG - Skipping unchanged document: Ardent deep dive
2026-01-31 12:15:10,948 - DEBUG - Skipping unchanged document: Adam, Charlie, Hari
2026-01-31 12:15:10,948 - DEBUG - Skipping unchanged document: Zero Hash <> RWA.xyz
2026-01-31 12:15:10,948 - DEBUG - Skipping unchanged document: Use Ardent at your company between Vikram Chennai and Charlie
2026-01-31 12:15:10,948 - DEBUG - Skipping unchanged document: Standup
2026-01-31 12:15:10,948 - DEBUG - Skipping unchanged document: rwa.xyz <> Polygon
2026-01-31 12:15:10,948 - DEBUG - Skipping unchanged document: Standup
2026-01-31 12:15:10,948 - DEBUG - Skipping unchanged document: Devang <> Charlie 1:1
2026-01-31 12:15:10,948 - DEBUG - Skipping unchanged document: Standup
2026-01-31 12:15:10,948 - DEBUG - Skipping unchanged document: Archetype <> RWA Sync
2026-01-31 12:15:10,948 - DEBUG - Skipping unchanged document: Rick Chi and Charlie You
2026-01-31 12:15:10,948 - DEBUG - Skipping unchanged document: Christopher Pereira and Charlie You
2026-01-31 12:15:10,948 - INFO - Skipping in-progress/unended meeting: RWA.xyz <> Kevin @ OP Recruiting (meeting_end_count=0)
2026-01-31 12:15:10,948 - DEBUG - Skipping unchanged document: Weekly All-Hands
2026-01-31 12:15:10,948 - DEBUG - Skipping unchanged document: Weekly Planning
2026-01-31 12:15:10,948 - DEBUG - Skipping unchanged document: Book a time with Kevin Krumm of Objective Partners (Charlie You)
2026-01-31 12:15:10,948 - DEBUG - Skipping unchanged document: Standup
2026-01-31 12:15:10,948 - DEBUG - Skipping unchanged document: Martha Theus and Charlie You + Bryan Choe
2026-01-31 12:15:10,948 - DEBUG - Skipping unchanged document: David Nguyen and Charlie You
2026-01-31 12:15:10,948 - DEBUG - Skipping unchanged document: RWA Spaces
2026-01-31 12:15:10,948 - DEBUG - Skipping unchanged document: Ava Labs <> RWA.xyz Biweekly Check-In
2026-01-31 12:15:10,948 - DEBUG - Skipping unchanged document: Listing Ops Review
2026-01-31 12:15:10,948 - DEBUG - Skipping unchanged document: Standup
2026-01-31 12:15:10,948 - DEBUG - Skipping unchanged document: Re: Archax
2026-01-31 12:15:10,948 - DEBUG - Skipping unchanged document: Standup
2026-01-31 12:15:10,948 - DEBUG - Skipping unchanged document: CA/RWA
2026-01-31 12:15:10,948 - DEBUG - Skipping unchanged document: Weekly All-Hands
2026-01-31 12:15:10,948 - DEBUG - Skipping unchanged document: Weekly Planning
2026-01-31 12:15:10,948 - DEBUG - Skipping unchanged document: RWA <> Hirechain Sync 
2026-01-31 12:15:10,948 - DEBUG - Skipping unchanged document: Weekly All-Hands
2026-01-31 12:15:10,948 - DEBUG - Skipping unchanged document: RWA <> Hirechain Sync 
2026-01-31 12:15:10,948 - DEBUG - Skipping unchanged document: Robert Tang and Charlie You
2026-01-31 12:15:10,948 - DEBUG - Skipping unchanged document: Standup
2026-01-31 12:15:10,948 - DEBUG - Skipping unchanged document: RedSwan / RWA.xyz
2026-01-31 12:15:10,948 - DEBUG - Skipping unchanged document: Devang <> Charlie 1:1
2026-01-31 12:15:10,948 - DEBUG - Skipping unchanged document: Antonia Kolb and Charlie You
2026-01-31 12:15:10,948 - DEBUG - Skipping unchanged document: Standup
2026-01-31 12:15:10,948 - DEBUG - Skipping unchanged document: RWA Spaces
2026-01-31 12:15:10,948 - DEBUG - Skipping unchanged document: Injective <> RWA.xyz
2026-01-31 12:15:10,948 - DEBUG - Skipping unchanged document: RWA.xyz
2026-01-31 12:15:10,948 - DEBUG - Skipping unchanged document: Standup
2026-01-31 12:15:10,948 - DEBUG - Skipping unchanged document: Jenna  and Charlie You
2026-01-31 12:15:10,948 - DEBUG - Skipping unchanged document: RWA tokenization for solar energy company equity
2026-01-31 12:15:10,948 - DEBUG - Skipping unchanged document: Standup
2026-01-31 12:15:10,948 - DEBUG - Skipping unchanged document: Khibar Rassul and Charlie You
2026-01-31 12:15:10,948 - DEBUG - Skipping unchanged document: Weekly All-Hands
2026-01-31 12:15:10,948 - DEBUG - Skipping unchanged document: Weekly Planning
2026-01-31 12:15:10,948 - DEBUG - Skipping unchanged document: Laurie / Adam (RWA.xyz)
2026-01-31 12:15:10,948 - DEBUG - Skipping unchanged document: Charlie You and David Post
2026-01-31 12:15:10,948 - DEBUG - Skipping unchanged document: RWA <> Chakra Demo 
2026-01-31 12:15:10,948 - DEBUG - Skipping unchanged document: OpenBB: Didier Lopes and Charlie You
2026-01-31 12:15:10,948 - DEBUG - Skipping unchanged document: Michelle and Adam Lawrence
2026-01-31 12:15:10,948 - DEBUG - Skipping unchanged document: Adam, Charlie, Hari
2026-01-31 12:15:10,948 - DEBUG - Skipping unchanged document: Neel Maitra and Adam Lawrence + Charlie You
2026-01-31 12:15:10,948 - DEBUG - Skipping unchanged document: Podcast Rehearsal
2026-01-31 12:15:10,948 - DEBUG - Skipping unchanged document: TAC <> Yaru
2026-01-31 12:15:10,948 - DEBUG - Skipping unchanged document: Kate Wu and Charlie You
2026-01-31 12:15:10,948 - DEBUG - Skipping unchanged document: [ext] Re: BR DLR data via RWA.XYZ - DRW<>Kaiko
2026-01-31 12:15:10,948 - DEBUG - Skipping unchanged document: Galaxy / RWA
2026-01-31 12:15:10,948 - DEBUG - Skipping unchanged document: James Ouyang and Charlie You
2026-01-31 12:15:10,948 - DEBUG - Skipping unchanged document: Standup
2026-01-31 12:15:10,949 - DEBUG - Skipping unchanged document: Methodology Discussion
2026-01-31 12:15:10,949 - INFO - Skipping in-progress/unended meeting: None (meeting_end_count=0)
2026-01-31 12:15:10,949 - DEBUG - Skipping unchanged document: charlie you and Madani Boukalba
2026-01-31 12:15:10,949 - DEBUG - Skipping unchanged document: Archetype <> RWA Sync
2026-01-31 12:15:10,949 - DEBUG - Skipping unchanged document: RWA liquidity
2026-01-31 12:15:10,949 - DEBUG - Skipping unchanged document: RWA.xyz x Chainlink 
2026-01-31 12:15:10,949 - DEBUG - Skipping unchanged document: Brian Huerbsch (FINRA) and Adam Lawrence
2026-01-31 12:15:10,949 - DEBUG - Skipping unchanged document: Weekly All-Hands
2026-01-31 12:15:10,949 - DEBUG - Skipping unchanged document: Andrew Cho and Charlie You
2026-01-31 12:15:10,949 - DEBUG - Skipping unchanged document: AB / RWA sync
2026-01-31 12:15:10,949 - DEBUG - Skipping unchanged document: Standup
2026-01-31 12:15:10,949 - DEBUG - Skipping unchanged document: Gregg Bell and Adam Lawrence + 2 others
2026-01-31 12:15:10,949 - DEBUG - Skipping unchanged document: Nick Ducoff and Adam Lawrence + 2 others
2026-01-31 12:15:10,949 - DEBUG - Skipping unchanged document: Charlie You and Morgan Krupetsky + Olivia Vande Woude
2026-01-31 12:15:10,949 - DEBUG - Skipping unchanged document: DAS NYC PREP: Crypto Data’s Gilded Age
2026-01-31 12:15:10,949 - DEBUG - Skipping unchanged document: Devang <> Charlie 1:1
2026-01-31 12:15:10,949 - DEBUG - Skipping unchanged document: Standup
2026-01-31 12:15:10,949 - DEBUG - Skipping unchanged document: Sean Burby and Charlie You + Bryan Choe
2026-01-31 12:15:10,949 - DEBUG - Skipping unchanged document: Henry Duckworth and Charlie You + Bryan Choe
2026-01-31 12:15:10,949 - DEBUG - Skipping unchanged document: rwa.xyz / SDF
2026-01-31 12:15:10,949 - DEBUG - Skipping unchanged document: Sanjay Nishank and Charlie You + Bryan Choe
2026-01-31 12:15:10,949 - DEBUG - Skipping unchanged document: Standup
2026-01-31 12:15:10,949 - DEBUG - Skipping unchanged document: [ext] Re: RWA <>Denex Gas Station
2026-01-31 12:15:10,949 - DEBUG - Skipping unchanged document: Weekly All-Hands
2026-01-31 12:15:10,949 - DEBUG - Skipping unchanged document: Weekly Planning
2026-01-31 12:15:10,949 - DEBUG - Skipping unchanged document: Standup
2026-01-31 12:15:10,949 - DEBUG - Skipping unchanged document: Founder Retro
2026-01-31 12:15:10,949 - DEBUG - Skipping unchanged document: Jack Ratkovich and Charlie You + Bryan Choe
2026-01-31 12:15:10,949 - DEBUG - Skipping unchanged document: Standup
2026-01-31 12:15:10,949 - DEBUG - Skipping unchanged document: Standup
2026-01-31 12:15:10,949 - DEBUG - Skipping unchanged document: RWA.xyz <> Ripple Marketing Sync
2026-01-31 12:15:10,949 - DEBUG - Skipping unchanged document: Standup
2026-01-31 12:15:10,949 - DEBUG - Skipping unchanged document: None
2026-01-31 12:15:10,949 - DEBUG - Skipping unchanged document: Data Source and Workflow Discussion
2026-01-31 12:15:10,949 - DEBUG - Skipping unchanged document: Devang <> Charlie 1:1
2026-01-31 12:15:10,949 - DEBUG - Skipping unchanged document: Weekly All-Hands
2026-01-31 12:15:10,949 - DEBUG - Skipping unchanged document: AB / RWA sync
2026-01-31 12:15:10,949 - DEBUG - Skipping unchanged document: Standup
2026-01-31 12:15:10,949 - DEBUG - Skipping unchanged document: Adam, Charlie, Hari
2026-01-31 12:15:10,949 - DEBUG - Skipping unchanged document: Standup
2026-01-31 12:15:10,949 - DEBUG - Skipping unchanged document: Penomo <> Ava Labs <> RWA.xyz
2026-01-31 12:15:10,949 - DEBUG - Skipping unchanged document: jam time
2026-01-31 12:15:10,949 - DEBUG - Skipping unchanged document: AvaCloud <> RWA.xyz Integration Touchpoint
2026-01-31 12:15:10,949 - DEBUG - Skipping unchanged document: Standup
2026-01-31 12:15:10,949 - DEBUG - Skipping unchanged document: RWA.xyz <> Ripple Check-In
2026-01-31 12:15:10,949 - DEBUG - Skipping unchanged document: Website Data and Metrics Discussion
2026-01-31 12:15:10,949 - DEBUG - Skipping unchanged document: Archetype <> RWA Sync
2026-01-31 12:15:10,949 - DEBUG - Skipping unchanged document: Weekly All-Hands
2026-01-31 12:15:10,949 - DEBUG - Skipping unchanged document: Product Roadmapping / All Hands Prep
2026-01-31 12:15:10,949 - DEBUG - Skipping unchanged document: Standup
2026-01-31 12:15:10,949 - DEBUG - Skipping unchanged document: Isaac Manopla and Adam Lawrence + Charlie You
2026-01-31 12:15:10,949 - DEBUG - Skipping unchanged document: Standup
2026-01-31 12:15:10,949 - DEBUG - Skipping unchanged document: Standup
2026-01-31 12:15:10,949 - DEBUG - Skipping unchanged document: RWA.xyz <> Ripple Check-In
2026-01-31 12:15:10,949 - DEBUG - Skipping unchanged document: Tim bass and Adam Lawrence + Charlie You
2026-01-31 12:15:10,949 - DEBUG - Skipping unchanged document: Standup
2026-01-31 12:15:10,949 - DEBUG - Skipping unchanged document: Geo + Adam: RWA.xyz
2026-01-31 12:15:10,949 - DEBUG - Skipping unchanged document: Collin/C/A
2026-01-31 12:15:10,949 - DEBUG - Skipping unchanged document: Weekly All-Hands
2026-01-31 12:15:10,949 - DEBUG - Skipping unchanged document: RWA.XYZ / SDF
2026-01-31 12:15:10,949 - DEBUG - Skipping unchanged document: Rwaxyz (Castle Labs Inc) + Pilot
2026-01-31 12:15:10,949 - DEBUG - Skipping unchanged document: Standup
2026-01-31 12:15:10,949 - DEBUG - Skipping unchanged document: Thien Duy Tran and Charlie You + Bryan Choe
2026-01-31 12:15:10,949 - DEBUG - Skipping unchanged document: Taxonomy of Tokenization
2026-01-31 12:15:10,949 - DEBUG - Skipping unchanged document: Standup
2026-01-31 12:15:10,949 - DEBUG - Skipping unchanged document: RWA.xyz <> Ripple Check-In
2026-01-31 12:15:10,949 - INFO - Skipping in-progress/unended meeting: Standup (meeting_end_count=0)
2026-01-31 12:15:10,949 - DEBUG - Skipping unchanged document: Matt Mills (Charlie You)
2026-01-31 12:15:10,949 - DEBUG - Skipping unchanged document: Charlie <> Alex - 1-1
2026-01-31 12:15:10,949 - DEBUG - Skipping unchanged document: Weekly All-Hands
2026-01-31 12:15:10,949 - DEBUG - Skipping unchanged document: AB / RWA sync
2026-01-31 12:15:10,949 - DEBUG - Skipping unchanged document: Standup
2026-01-31 12:15:10,949 - DEBUG - Skipping unchanged document: Matt Ong and Charlie You
2026-01-31 12:15:10,949 - DEBUG - Skipping unchanged document: Standup
2026-01-31 12:15:10,949 - DEBUG - Skipping unchanged document: Standup
2026-01-31 12:15:10,949 - DEBUG - Skipping unchanged document: RWA.xyz Kickoff Call
2026-01-31 12:15:10,949 - DEBUG - Skipping unchanged document: Standup
2026-01-31 12:15:10,949 - DEBUG - Skipping unchanged document: Archetype <> RWA Sync
2026-01-31 12:15:10,949 - DEBUG - Skipping unchanged document: RWA.xyz<>Collin
2026-01-31 12:15:10,949 - DEBUG - Skipping unchanged document: Weekly All-Hands
2026-01-31 12:15:10,949 - DEBUG - Skipping unchanged document: rwai agent
2026-01-31 12:15:10,949 - DEBUG - Skipping unchanged document: 30 Min Meeting between Alexander Lin and charlieyou
2026-01-31 12:15:10,949 - DEBUG - Skipping unchanged document: Standup
2026-01-31 12:15:10,949 - DEBUG - Skipping unchanged document: rwai agent
2026-01-31 12:15:10,949 - DEBUG - Skipping unchanged document: Zachary Frey and Adam Lawrence + Charlie You
2026-01-31 12:15:10,949 - DEBUG - Skipping unchanged document: Standup
2026-01-31 12:15:10,949 - DEBUG - Skipping unchanged document: Adam Lawrence and Yida Gao
2026-01-31 12:15:10,949 - DEBUG - Skipping unchanged document: Standup
2026-01-31 12:15:10,949 - DEBUG - Skipping unchanged document: Bennett Holloway and Charlie You
2026-01-31 12:15:10,949 - DEBUG - Skipping unchanged document: Charlie and Sanjay Shenoy
2026-01-31 12:15:10,950 - DEBUG - Skipping unchanged document: Collin/Adam/Charlie
2026-01-31 12:15:10,950 - DEBUG - Skipping unchanged document: Nucleus/RWA eng
2026-01-31 12:15:10,950 - DEBUG - Skipping unchanged document: MTG: RWA <> Ritual 
2026-01-31 12:15:10,950 - DEBUG - Skipping unchanged document: Figure Markets | RWA.XYZ - Sync
2026-01-31 12:15:10,950 - DEBUG - Skipping unchanged document: Standup
2026-01-31 12:15:10,950 - DEBUG - Skipping unchanged document: RWA.xyz/Hedera
2026-01-31 12:15:10,950 - DEBUG - Skipping unchanged document: RWA.xyz <> Redbelly
2026-01-31 12:15:10,950 - DEBUG - Skipping unchanged document: Standup
2026-01-31 12:15:10,950 - DEBUG - Skipping unchanged document: Standup
2026-01-31 12:15:10,950 - DEBUG - Skipping unchanged document: Francis/RWA.xyz
2026-01-31 12:15:10,950 - DEBUG - Skipping unchanged document: RWA <> LayerZero Labs and Charlie You
2026-01-31 12:15:10,950 - DEBUG - Skipping unchanged document: Masa and Adam Lawrence + Charlie You
2026-01-31 12:15:10,950 - DEBUG - Skipping unchanged document: derek / rwa.xyz potential token
2026-01-31 12:15:10,950 - DEBUG - Skipping unchanged document: RWA Agent 
2026-01-31 12:15:10,950 - DEBUG - Skipping unchanged document: Weekly All-Hands
2026-01-31 12:15:10,950 - DEBUG - Skipping unchanged document: Standup
2026-01-31 12:15:10,950 - DEBUG - Skipping unchanged document: agent token growth
2026-01-31 12:15:10,950 - DEBUG - Skipping unchanged document: JAMIE COUTTS and Charlie You
2026-01-31 12:15:10,950 - DEBUG - Skipping unchanged document: CLL/RWA
2026-01-31 12:15:10,950 - DEBUG - Skipping unchanged document: Charlie You and Dennis Zdonov
2026-01-31 12:15:10,950 - DEBUG - Skipping unchanged document: TheBRN / RWA.xyz
2026-01-31 12:15:10,950 - DEBUG - Skipping unchanged document: Weekly All-Hands
2026-01-31 12:15:10,950 - DEBUG - Skipping unchanged document: Tradable Intro call
2026-01-31 12:15:10,950 - DEBUG - Skipping unchanged document: Weekly All-Hands
2026-01-31 12:15:10,950 - DEBUG - Skipping unchanged document: AB / RWA sync
2026-01-31 12:15:10,950 - DEBUG - Skipping unchanged document: Eugene Shen and Charlie You
2026-01-31 12:15:10,950 - DEBUG - Skipping unchanged document: Standup
2026-01-31 12:15:10,950 - DEBUG - Skipping unchanged document: bryan / rwa.xyz
2026-01-31 12:15:10,950 - DEBUG - Skipping unchanged document: Mark P and Charlie You
2026-01-31 12:15:10,950 - DEBUG - Skipping unchanged document: Adi and Charlie You
2026-01-31 12:15:10,950 - DEBUG - Skipping unchanged document: Adam, Charlie, Hari
2026-01-31 12:15:10,950 - DEBUG - Skipping unchanged document: Brian and Charlie You
2026-01-31 12:15:10,950 - DEBUG - Skipping unchanged document: rob and Charlie You
2026-01-31 12:15:10,950 - DEBUG - Skipping unchanged document: Sean Burby and Charlie You
2026-01-31 12:15:10,950 - DEBUG - Skipping unchanged document: Tim Han and Charlie You
2026-01-31 12:15:10,950 - DEBUG - Skipping unchanged document: Lorenzo Valente and Charlie You
2026-01-31 12:15:10,950 - DEBUG - Skipping unchanged document: Archetype <> RWA Sync
2026-01-31 12:15:10,950 - DEBUG - Skipping unchanged document: Adam Lawrence and Katya Ternopolska + Josh Winer
2026-01-31 12:15:10,950 - DEBUG - Skipping unchanged document: Weekly All-Hands
2026-01-31 12:15:10,950 - DEBUG - Skipping unchanged document: Boring Marketing - RWA
2026-01-31 12:15:10,950 - DEBUG - Skipping unchanged document: AB / RWA sync
2026-01-31 12:15:10,950 - DEBUG - Skipping unchanged document: Standup
2026-01-31 12:15:10,950 - DEBUG - Skipping unchanged document: Ken Yip and Adam Lawrence + Charlie You
2026-01-31 12:15:10,950 - DEBUG - Skipping unchanged document: rwa.xyz x GAIB and Charlie You
2026-01-31 12:15:10,950 - DEBUG - Skipping unchanged document: Adam Lawrence and Josh Wadinski
2026-01-31 12:15:10,950 - DEBUG - Skipping unchanged document: Jaime and Charlie You
2026-01-31 12:15:10,950 - INFO - Skipping in-progress/unended meeting: Standup (meeting_end_count=0)
2026-01-31 12:15:10,950 - DEBUG - Skipping unchanged document: RWA.xyz | Devin AI Team Onboarding
2026-01-31 12:15:10,950 - DEBUG - Skipping unchanged document: Fasanara <> RWA xyz
2026-01-31 12:15:10,950 - DEBUG - Skipping unchanged document: Re-arranged Interview with William Zhang - Blockchain Data Engineer  and Charlie You
2026-01-31 12:15:10,950 - DEBUG - Skipping unchanged document: Standup
2026-01-31 12:15:10,950 - DEBUG - Skipping unchanged document: Interview with Leonardo Noleto - Blockchain Data Engineer  and Charlie You
2026-01-31 12:15:10,950 - DEBUG - Skipping unchanged document: Re-arranged Interview with William Zhang - Blockchain Data Engineer  and Charlie You
2026-01-31 12:15:10,950 - DEBUG - Skipping unchanged document: 0xwangwu -chatxbt.com and Charlie You
2026-01-31 12:15:10,950 - DEBUG - Skipping unchanged document: John / RWA.xyz
2026-01-31 12:15:10,950 - DEBUG - Skipping unchanged document: Matter Labs <> RWA.xyz
2026-01-31 12:15:10,950 - DEBUG - Skipping unchanged document: Charlie and James Dickerson + Declan Rodgers
2026-01-31 12:15:10,950 - DEBUG - Skipping unchanged document: Propchain/RWA
2026-01-31 12:15:10,950 - DEBUG - Skipping unchanged document: Sam Elfarra and Adam Lawrence + Charlie You
2026-01-31 12:15:10,950 - DEBUG - Skipping unchanged document: Weekly All-Hands
2026-01-31 12:15:10,950 - DEBUG - Skipping unchanged document: Sichao Chen and Charlie You
2026-01-31 12:15:10,950 - DEBUG - Skipping unchanged document: Dennis Cristallo and Adam Lawrence + Charlie You
2026-01-31 12:15:10,950 - DEBUG - Skipping unchanged document: Matheus and Charlie You
2026-01-31 12:15:10,950 - DEBUG - Skipping unchanged document: Adam, Charlie, Hari
2026-01-31 12:15:10,950 - DEBUG - Skipping unchanged document: Philip Forte and Adam Lawrence + Charlie You
2026-01-31 12:15:10,950 - DEBUG - Skipping unchanged document: Tushar Gadagkar and Adam Lawrence + Charlie You
2026-01-31 12:15:10,950 - DEBUG - Skipping unchanged document: Olga Kharif and Charlie You
2026-01-31 12:15:10,950 - DEBUG - Skipping unchanged document: CMT Digital (Carson and Charlie You
2026-01-31 12:15:10,950 - DEBUG - Skipping unchanged document: Josh Barker and Charlie You
2026-01-31 12:15:10,950 - DEBUG - Skipping unchanged document: David Han and Charlie You
2026-01-31 12:15:10,950 - DEBUG - Skipping unchanged document: Alexander Simpson and Charlie You
2026-01-31 12:15:10,950 - DEBUG - Skipping unchanged document: Sid V and Charlie You
2026-01-31 12:15:10,950 - DEBUG - Skipping unchanged document: Istvan and Charlie You
2026-01-31 12:15:10,950 - DEBUG - Skipping unchanged document: Devang <> Charlie 1:1
2026-01-31 12:15:10,950 - DEBUG - Skipping unchanged document: Weekly All-Hands
2026-01-31 12:15:10,950 - DEBUG - Skipping unchanged document: Oceans Intake: RWA.xyz
2026-01-31 12:15:10,950 - DEBUG - Skipping unchanged document: Nickel/RWA.xyz Intro
2026-01-31 12:15:10,950 - DEBUG - Skipping unchanged document: Somewhere Discovery Call <> Charlie RWA.xyz
2026-01-31 12:15:10,950 - DEBUG - Skipping unchanged document: Standup
2026-01-31 12:15:10,950 - DEBUG - Skipping unchanged document: Athena Membership Call: Dalton Daughtrey <> Charlie
2026-01-31 12:15:10,950 - DEBUG - Skipping unchanged document: Richard Johnson and Charlie You
2026-01-31 12:15:10,950 - DEBUG - Skipping unchanged document: Dennis Cristallo and Adam Lawrence + Charlie You
2026-01-31 12:15:10,950 - DEBUG - Skipping unchanged document: Alejandro and Charlie You
2026-01-31 12:15:10,950 - DEBUG - Skipping unchanged document: wormhole sync
2026-01-31 12:15:10,950 - DEBUG - Skipping unchanged document: Gustavo Alberto Ariza and Charlie You
2026-01-31 12:15:10,950 - DEBUG - Skipping unchanged document: Charlie You and Henry Zhang
2026-01-31 12:15:10,950 - DEBUG - Skipping unchanged document: Archetype <> RWA Sync
2026-01-31 12:15:10,950 - DEBUG - Skipping unchanged document: Charlie and Oceans
2026-01-31 12:15:10,950 - DEBUG - Skipping unchanged document: Product Roadmapping / All Hands Prep
2026-01-31 12:15:10,950 - DEBUG - Skipping unchanged document: Adam, Charlie, Hari
2026-01-31 12:15:10,951 - DEBUG - Skipping unchanged document: AB / RWA sync
2026-01-31 12:15:10,951 - DEBUG - Skipping unchanged document: Erin Kelly and Adam Lawrence + Charlie You
2026-01-31 12:15:10,951 - DEBUG - Skipping unchanged document: Standup
2026-01-31 12:15:10,951 - DEBUG - Skipping unchanged document: alyssa karchmer and Charlie You
2026-01-31 12:15:10,951 - DEBUG - Skipping unchanged document: rwa.xyz<>Ripple: Sync on Data Pull Requirements
2026-01-31 12:15:10,951 - DEBUG - Skipping unchanged document: OSCAR DUMANT and Charlie You
2026-01-31 12:15:10,951 - DEBUG - Skipping unchanged document: Subeen Shim and Charlie You
2026-01-31 12:15:10,951 - DEBUG - Skipping unchanged document: Emil Heong and Charlie You
2026-01-31 12:15:10,951 - DEBUG - Skipping unchanged document: Subin An and Charlie You
2026-01-31 12:15:10,951 - DEBUG - Skipping unchanged document: Johnny / Charlie / Adam
2026-01-31 12:15:10,951 - DEBUG - Skipping unchanged document: 최보선 and Charlie You
2026-01-31 12:15:10,951 - DEBUG - Skipping unchanged document: Assetera & RWA.xyz Alignment Meeting
2026-01-31 12:15:10,951 - DEBUG - Skipping unchanged document: Sean Burby and Charlie You
2026-01-31 12:15:10,951 - DEBUG - Skipping unchanged document: Databricks & RWA.xyz- Align on Renewal
2026-01-31 12:15:10,951 - DEBUG - Skipping unchanged document: Standup
2026-01-31 12:15:10,951 - DEBUG - Skipping unchanged document: RWA <> Aptos Data and Charlie You
2026-01-31 12:15:10,951 - DEBUG - Skipping unchanged document: ProvLabs <> RWA.xyz
2026-01-31 12:15:10,951 - DEBUG - Skipping unchanged document: Luc Falempin  and Adam Lawrence + Charlie You
2026-01-31 12:15:10,951 - DEBUG - Skipping unchanged document: Devang <> Charlie 1:1
2026-01-31 12:15:10,951 - DEBUG - Skipping unchanged document: Weekly All-Hands
2026-01-31 12:15:10,951 - DEBUG - Skipping unchanged document: Product Roadmapping / All Hands Prep
2026-01-31 12:15:10,951 - DEBUG - Skipping unchanged document: Chainlink Labs <> RWA Team: Asset API & Asset value measures
2026-01-31 12:15:10,951 - DEBUG - Skipping unchanged document: Mark Bradley and Charlie You
2026-01-31 12:15:10,951 - DEBUG - Skipping unchanged document: RWA.XYZ <> Provenance
2026-01-31 12:15:10,951 - DEBUG - Skipping unchanged document: RWA.xyz & Databricks- Review Proposal Options
2026-01-31 12:15:10,951 - DEBUG - Skipping unchanged document: Marketing Partnership Discussion
2026-01-31 12:15:10,951 - DEBUG - Skipping unchanged document: Jake Tomm and Adam Lawrence + Charlie You
2026-01-31 12:15:10,951 - DEBUG - Skipping unchanged document: RWA.xyz Listings (Johnson Chin)
2026-01-31 12:15:10,951 - DEBUG - Skipping unchanged document: RWA.xyz Listings (Ruslan Palagin)
2026-01-31 12:15:10,951 - DEBUG - Skipping unchanged document: Eri Ushijima and Charlie You
2026-01-31 12:15:10,951 - DEBUG - Skipping unchanged document: Standup
2026-01-31 12:15:10,951 - DEBUG - Skipping unchanged document: Adam Lawrence and Sam Elfarra
2026-01-31 12:15:10,951 - DEBUG - Skipping unchanged document: pre-sale sync
2026-01-31 12:15:10,951 - DEBUG - Skipping unchanged document: RWA.xyz Listings (Eric Cuellar)
2026-01-31 12:15:10,951 - DEBUG - Skipping unchanged document: RWA.xyz Listings (Ruslan Palahin)
2026-01-31 12:15:10,951 - DEBUG - Skipping unchanged document: Standup
2026-01-31 12:15:10,951 - DEBUG - Skipping unchanged document: Yuta Nakahara and Charlie You
2026-01-31 12:15:10,951 - DEBUG - Skipping unchanged document: Zeconomy <> RWA Token Walkthrough
2026-01-31 12:15:10,951 - DEBUG - Skipping unchanged document: a and Charlie You
2026-01-31 12:15:10,951 - DEBUG - Skipping unchanged document: RWA.xyz Listings (Nedyalko Vatev)
2026-01-31 12:15:10,951 - DEBUG - Skipping unchanged document: Standup
2026-01-31 12:15:10,951 - DEBUG - Skipping unchanged document: Databricks & RWA.xyz- Renewal Alignment
2026-01-31 12:15:10,951 - DEBUG - Skipping unchanged document: Weekly All-Hands
2026-01-31 12:15:10,951 - DEBUG - Skipping unchanged document: Product Roadmapping / All Hands Prep
2026-01-31 12:15:10,951 - DEBUG - Skipping unchanged document: AB / RWA sync
2026-01-31 12:15:10,951 - DEBUG - Skipping unchanged document: Standup
2026-01-31 12:15:10,951 - DEBUG - Skipping unchanged document: Donald Elefsom and Adam Lawrence + Charlie You
2026-01-31 12:15:10,951 - DEBUG - Skipping unchanged document: RWA.xyz Listings (Michael Courvoisier)
2026-01-31 12:15:10,951 - DEBUG - Skipping unchanged document: Jakob  and Charlie You
2026-01-31 12:15:10,951 - DEBUG - Skipping unchanged document: Standup
2026-01-31 12:15:10,951 - DEBUG - Skipping unchanged document: Chuck Mounts, Charles Jansen and Adam Lawrence + Charlie You
2026-01-31 12:15:10,951 - DEBUG - Skipping unchanged document: Standup
2026-01-31 12:15:10,951 - DEBUG - Skipping unchanged document: Christine cai and Adam Lawrence + Charlie You
2026-01-31 12:15:10,951 - DEBUG - Skipping unchanged document: Will Beeson and Adam Lawrence + Charlie You
2026-01-31 12:15:10,951 - DEBUG - Skipping unchanged document: Weekly All-Hands
2026-01-31 12:15:10,951 - DEBUG - Skipping unchanged document: Product Roadmapping / All Hands Prep
2026-01-31 12:15:10,951 - DEBUG - Skipping unchanged document: Robert Velardi and Adam Lawrence + Charlie You
2026-01-31 12:15:10,951 - DEBUG - Skipping unchanged document: Charlie and Yohann Libot
2026-01-31 12:15:10,951 - DEBUG - Skipping unchanged document: AB / RWA sync
2026-01-31 12:15:10,951 - DEBUG - Skipping unchanged document: RWA / Coast
2026-01-31 12:15:10,951 - DEBUG - Skipping unchanged document: Solomon Tesfaye and Adam Lawrence + Charlie You
2026-01-31 12:15:10,951 - DEBUG - Skipping unchanged document: carlos / adam (rwa.xyz) catch up 
2026-01-31 12:15:10,951 - DEBUG - Skipping unchanged document: Brendan O’Connell and Adam Lawrence + Charlie You
2026-01-31 12:15:10,951 - DEBUG - Skipping unchanged document: Devang <> Charlie 1:1
2026-01-31 12:15:10,951 - DEBUG - Skipping unchanged document: Standup
2026-01-31 12:15:10,951 - DEBUG - Skipping unchanged document: Canza/RWA
2026-01-31 12:15:10,951 - DEBUG - Skipping unchanged document: Lincoln Murr and Adam Lawrence
2026-01-31 12:15:10,951 - DEBUG - Skipping unchanged document: Archetype <> RWA Sync
2026-01-31 12:15:10,951 - DEBUG - Skipping unchanged document: Exploring Lending Protocols and Demand
2026-01-31 12:15:10,951 - DEBUG - Skipping unchanged document: RWA.xyz<>Ownera - Intro
2026-01-31 12:15:10,951 - DEBUG - Skipping unchanged document: Investment Status and Data Models
2026-01-31 12:15:10,951 - DEBUG - Skipping unchanged document: Brian Ramsdell and Charlie You
2026-01-31 12:15:10,951 - DEBUG - Skipping unchanged document: RWA <> Cumberland Oracle
2026-01-31 12:15:10,951 - DEBUG - Skipping unchanged document: Sync with Dev on RE and ingestion API
2026-01-31 12:15:10,951 - DEBUG - Skipping unchanged document: Adam, Charlie, Hari
2026-01-31 12:15:10,951 - DEBUG - Skipping unchanged document: Wallfacer / rwa.xyz
2026-01-31 12:15:10,951 - DEBUG - Skipping unchanged document: Standup
2026-01-31 12:15:10,951 - DEBUG - Skipping unchanged document: Charlie and Austin Pager
2026-01-31 12:15:10,952 - DEBUG - Saved sync state to /Users/cyou/Documents/granola-transcripts/.granola_sync_state.json
2026-01-31 12:15:10,952 - INFO - Sync complete:
2026-01-31 12:15:10,952 - INFO -   - Synced: 0 documents
2026-01-31 12:15:10,952 - INFO -   - Skipped (in-progress/unended): 47
2026-01-31 12:15:10,952 - INFO -   - Skipped (unchanged): 678
2026-01-31 12:15:10,952 - INFO -   - Output: '/Users/cyou/Documents/granola-transcripts'
